#
# There is insufficient memory for the Java Runtime Environment to continue.
# Native memory allocation (malloc) failed to allocate 150896 bytes for Chunk::new
# Possible reasons:
#   The system is out of physical RAM or swap space
#   The process is running with CompressedOops enabled, and the Java Heap may be blocking the growth of the native heap
# Possible solutions:
#   Reduce memory load on the system
#   Increase physical memory or swap space
#   Check if swap backing store is full
#   Decrease Java heap size (-Xmx/-Xms)
#   Decrease number of Java threads
#   Decrease Java thread stack sizes (-Xss)
#   Set larger code cache with -XX:ReservedCodeCacheSize=
#   JVM is running with Unscaled Compressed Oops mode in which the Java heap is
#     placed in the first 4GB address space. The Java Heap base address is the
#     maximum limit for the native heap growth. Please use -XX:HeapBaseMinAddress
#     to set the Java Heap base and to place the Java Heap above 4GB virtual address.
# This output file may be truncated or incomplete.
#
#  Out of Memory Error (arena.cpp:189), pid=26080, tid=20640
#
# JRE version: Java(TM) SE Runtime Environment (17.0.8+9) (build 17.0.8+9-LTS-211)
# Java VM: Java HotSpot(TM) 64-Bit Server VM (17.0.8+9-LTS-211, mixed mode, sharing, tiered, compressed oops, compressed class ptrs, g1 gc, windows-amd64)
# No core dump will be written. Minidumps are not enabled by default on client versions of Windows
#

---------------  S U M M A R Y ------------

Command Line: -agentlib:jdwp=transport=dt_socket,server=n,address=57161 com.BDI_TESTCliente.BdiTestClienteApplication

Host: Intel(R) Core(TM) i3-N305, 8 cores, 7G,  Windows 11 , 64 bit Build 26100 (10.0.26100.4484)
Time: Thu Jul 10 18:31:24 2025 Central Standard Time (Mexico) elapsed time: 1302.895602 seconds (0d 0h 21m 42s)

---------------  T H R E A D  ---------------

Current thread (0x000001b942796640):  JavaThread "C2 CompilerThread0" daemon [_thread_in_native, id=20640, stack(0x00000087b1900000,0x00000087b1a00000)]


Current CompileTask:
C2:1302895 8747       4       org.springframework.util.StringUtils::replace (130 bytes)

Stack: [0x00000087b1900000,0x00000087b1a00000]
Native frames: (J=compiled Java code, j=interpreted, Vv=VM code, C=native code)
V  [jvm.dll+0x677d0a]
V  [jvm.dll+0x7d8c54]
V  [jvm.dll+0x7da3fe]
V  [jvm.dll+0x7daa63]
V  [jvm.dll+0x245c5f]
V  [jvm.dll+0xaaa6b]
V  [jvm.dll+0xab00c]
V  [jvm.dll+0x2ab5cf]
V  [jvm.dll+0x580435]
V  [jvm.dll+0x220b22]
V  [jvm.dll+0x219720]
V  [jvm.dll+0x217329]
V  [jvm.dll+0x1a3af0]
V  [jvm.dll+0x2270be]
V  [jvm.dll+0x22535b]
V  [jvm.dll+0x78e7bc]
V  [jvm.dll+0x788bba]
V  [jvm.dll+0x676b35]
C  [ucrtbase.dll+0x37b0]
C  [KERNEL32.DLL+0x2e8d7]
C  [ntdll.dll+0x3c34c]


---------------  P R O C E S S  ---------------

Threads class SMR info:
_java_thread_list=0x000001b989621d60, length=32, elements={
0x000001b94277b9a0, 0x000001b94277c350, 0x000001b942793c90, 0x000001b942794550,
0x000001b942794f00, 0x000001b9427958b0, 0x000001b942796640, 0x000001b9427980f0,
0x000001b94279da20, 0x000001b942a0fdd0, 0x000001b942a449e0, 0x000001b942a4aef0,
0x000001b942a4e4c0, 0x000001b942a602c0, 0x000001b98b3e2080, 0x000001b98b3e33c0,
0x000001b9887dd460, 0x000001b9887dcac0, 0x000001b9887dcf90, 0x000001b98b3df060,
0x000001b98b3e0d40, 0x000001b98b3e2ef0, 0x000001b98b3dfed0, 0x000001b98b3e1210,
0x000001b98b3e16e0, 0x000001b98b3e1bb0, 0x000001b98b3e2550, 0x000001b98b3e2a20,
0x000001b98b3df530, 0x000001b98b3dfa00, 0x000001b988c1ad90, 0x000001b988c17d70
}

Java Threads: ( => current thread )
  0x000001b94277b9a0 JavaThread "Reference Handler" daemon [_thread_blocked, id=2152, stack(0x00000087b1300000,0x00000087b1400000)]
  0x000001b94277c350 JavaThread "Finalizer" daemon [_thread_blocked, id=24424, stack(0x00000087b1400000,0x00000087b1500000)]
  0x000001b942793c90 JavaThread "Signal Dispatcher" daemon [_thread_blocked, id=19464, stack(0x00000087b1500000,0x00000087b1600000)]
  0x000001b942794550 JavaThread "Attach Listener" daemon [_thread_blocked, id=27460, stack(0x00000087b1600000,0x00000087b1700000)]
  0x000001b942794f00 JavaThread "Service Thread" daemon [_thread_blocked, id=18512, stack(0x00000087b1700000,0x00000087b1800000)]
  0x000001b9427958b0 JavaThread "Monitor Deflation Thread" daemon [_thread_blocked, id=14804, stack(0x00000087b1800000,0x00000087b1900000)]
=>0x000001b942796640 JavaThread "C2 CompilerThread0" daemon [_thread_in_native, id=20640, stack(0x00000087b1900000,0x00000087b1a00000)]
  0x000001b9427980f0 JavaThread "C1 CompilerThread0" daemon [_thread_blocked, id=10352, stack(0x00000087b1a00000,0x00000087b1b00000)]
  0x000001b94279da20 JavaThread "Sweeper thread" daemon [_thread_blocked, id=14632, stack(0x00000087b1b00000,0x00000087b1c00000)]
  0x000001b942a0fdd0 JavaThread "JDWP Transport Listener: dt_socket" daemon [_thread_blocked, id=1168, stack(0x00000087b1c00000,0x00000087b1d00000)]
  0x000001b942a449e0 JavaThread "JDWP Event Helper Thread" daemon [_thread_blocked, id=22332, stack(0x00000087b1d00000,0x00000087b1e00000)]
  0x000001b942a4aef0 JavaThread "JDWP Command Reader" daemon [_thread_in_native, id=5624, stack(0x00000087b1e00000,0x00000087b1f00000)]
  0x000001b942a4e4c0 JavaThread "Notification Thread" daemon [_thread_blocked, id=25852, stack(0x00000087b1f00000,0x00000087b2000000)]
  0x000001b942a602c0 JavaThread "Common-Cleaner" daemon [_thread_blocked, id=21524, stack(0x00000087b2100000,0x00000087b2200000)]
  0x000001b98b3e2080 JavaThread "Live Reload Server" daemon [_thread_in_native, id=7916, stack(0x00000087b3200000,0x00000087b3300000)]
  0x000001b98b3e33c0 JavaThread "DestroyJavaVM" [_thread_blocked, id=21200, stack(0x00000087b0c00000,0x00000087b0d00000)]
  0x000001b9887dd460 JavaThread "Catalina-utility-1" [_thread_blocked, id=11436, stack(0x00000087b2e00000,0x00000087b2f00000)]
  0x000001b9887dcac0 JavaThread "Catalina-utility-2" [_thread_blocked, id=5988, stack(0x00000087b2f00000,0x00000087b3000000)]
  0x000001b9887dcf90 JavaThread "container-0" [_thread_blocked, id=25028, stack(0x00000087b3000000,0x00000087b3100000)]
  0x000001b98b3df060 JavaThread "File Watcher" daemon [_thread_blocked, id=22484, stack(0x00000087b3300000,0x00000087b3400000)]
  0x000001b98b3e0d40 JavaThread "http-nio-8080-exec-1" daemon [_thread_blocked, id=25044, stack(0x00000087b3400000,0x00000087b3500000)]
  0x000001b98b3e2ef0 JavaThread "http-nio-8080-exec-2" daemon [_thread_blocked, id=17660, stack(0x00000087b3500000,0x00000087b3600000)]
  0x000001b98b3dfed0 JavaThread "http-nio-8080-exec-3" daemon [_thread_blocked, id=26476, stack(0x00000087b3600000,0x00000087b3700000)]
  0x000001b98b3e1210 JavaThread "http-nio-8080-exec-4" daemon [_thread_blocked, id=8688, stack(0x00000087b3700000,0x00000087b3800000)]
  0x000001b98b3e16e0 JavaThread "http-nio-8080-exec-5" daemon [_thread_blocked, id=20152, stack(0x00000087b3800000,0x00000087b3900000)]
  0x000001b98b3e1bb0 JavaThread "http-nio-8080-exec-6" daemon [_thread_blocked, id=3696, stack(0x00000087b3900000,0x00000087b3a00000)]
  0x000001b98b3e2550 JavaThread "http-nio-8080-exec-7" daemon [_thread_blocked, id=21776, stack(0x00000087b3a00000,0x00000087b3b00000)]
  0x000001b98b3e2a20 JavaThread "http-nio-8080-exec-8" daemon [_thread_blocked, id=23240, stack(0x00000087b3b00000,0x00000087b3c00000)]
  0x000001b98b3df530 JavaThread "http-nio-8080-exec-9" daemon [_thread_blocked, id=5344, stack(0x00000087b3c00000,0x00000087b3d00000)]
  0x000001b98b3dfa00 JavaThread "http-nio-8080-exec-10" daemon [_thread_blocked, id=9168, stack(0x00000087b3d00000,0x00000087b3e00000)]
  0x000001b988c1ad90 JavaThread "http-nio-8080-Poller" daemon [_thread_in_native, id=8392, stack(0x00000087b3e00000,0x00000087b3f00000)]
  0x000001b988c17d70 JavaThread "http-nio-8080-Acceptor" daemon [_thread_in_native, id=13644, stack(0x00000087b3f00000,0x00000087b4000000)]

Other Threads:
  0x000001b942778010 VMThread "VM Thread" [stack: 0x00000087b1200000,0x00000087b1300000] [id=9236]
  0x000001b942a4efb0 WatcherThread [stack: 0x00000087b2000000,0x00000087b2100000] [id=9952]
  0x000001b922896d20 GCTaskThread "GC Thread#0" [stack: 0x00000087b0d00000,0x00000087b0e00000] [id=6392]
  0x000001b98886b6b0 GCTaskThread "GC Thread#1" [stack: 0x00000087b2500000,0x00000087b2600000] [id=26604]
  0x000001b98888bc20 GCTaskThread "GC Thread#2" [stack: 0x00000087b2600000,0x00000087b2700000] [id=15240]
  0x000001b98888bed0 GCTaskThread "GC Thread#3" [stack: 0x00000087b2700000,0x00000087b2800000] [id=26976]
  0x000001b98888c180 GCTaskThread "GC Thread#4" [stack: 0x00000087b2800000,0x00000087b2900000] [id=16168]
  0x000001b98888c430 GCTaskThread "GC Thread#5" [stack: 0x00000087b2900000,0x00000087b2a00000] [id=27252]
  0x000001b988887940 GCTaskThread "GC Thread#6" [stack: 0x00000087b2a00000,0x00000087b2b00000] [id=13828]
  0x000001b9888e5bf0 GCTaskThread "GC Thread#7" [stack: 0x00000087b2b00000,0x00000087b2c00000] [id=22280]
  0x000001b9228a7e70 ConcurrentGCThread "G1 Main Marker" [stack: 0x00000087b0e00000,0x00000087b0f00000] [id=25396]
  0x000001b9228a8880 ConcurrentGCThread "G1 Conc#0" [stack: 0x00000087b0f00000,0x00000087b1000000] [id=16144]
  0x000001b989051c00 ConcurrentGCThread "G1 Conc#1" [stack: 0x00000087b2d00000,0x00000087b2e00000] [id=8904]
  0x000001b9228fdcd0 ConcurrentGCThread "G1 Refine#0" [stack: 0x00000087b1000000,0x00000087b1100000] [id=25648]
  0x000001b9228fe590 ConcurrentGCThread "G1 Service" [stack: 0x00000087b1100000,0x00000087b1200000] [id=21980]

Threads with active compile tasks:
C2 CompilerThread0  1302931 8747       4       org.springframework.util.StringUtils::replace (130 bytes)

VM state: not at safepoint (normal execution)

VM Mutex/Monitor currently owned by a thread: None

Heap address: 0x0000000085600000, size: 1962 MB, Compressed Oops mode: 32-bit

CDS archive(s) mapped at: [0x000001b943000000-0x000001b943bd0000-0x000001b943bd0000), size 12386304, SharedBaseAddress: 0x000001b943000000, ArchiveRelocationMode: 1.
Compressed class space mapped at: 0x000001b944000000-0x000001b984000000, reserved size: 1073741824
Narrow klass base: 0x000001b943000000, Narrow klass shift: 0, Narrow klass range: 0x100000000

GC Precious Log:
 CPUs: 8 total, 8 available
 Memory: 7845M
 Large Page Support: Disabled
 NUMA Support: Disabled
 Compressed Oops: Enabled (32-bit)
 Heap Region Size: 1M
 Heap Min Capacity: 8M
 Heap Initial Capacity: 124M
 Heap Max Capacity: 1962M
 Pre-touch: Disabled
 Parallel Workers: 8
 Concurrent Workers: 2
 Concurrent Refinement Workers: 8
 Periodic GC: Disabled

Heap:
 garbage-first heap   total 99328K, used 70657K [0x0000000085600000, 0x0000000100000000)
  region size 1024K, 42 young (43008K), 3 survivors (3072K)
 Metaspace       used 48527K, committed 49664K, reserved 1114112K
  class space    used 6069K, committed 6656K, reserved 1048576K

Heap Regions: E=young(eden), S=young(survivor), O=old, HS=humongous(starts), HC=humongous(continues), CS=collection set, F=free, OA=open archive, CA=closed archive, TAMS=top-at-mark-start (previous, next)
|   0|0x0000000085600000, 0x0000000085700000, 0x0000000085700000|100%| O|  |TAMS 0x0000000085700000, 0x0000000085600000| Untracked 
|   1|0x0000000085700000, 0x0000000085800000, 0x0000000085800000|100%| O|  |TAMS 0x0000000085800000, 0x0000000085700000| Untracked 
|   2|0x0000000085800000, 0x0000000085900000, 0x0000000085900000|100%| O|  |TAMS 0x0000000085900000, 0x0000000085800000| Untracked 
|   3|0x0000000085900000, 0x00000000859ffff0, 0x0000000085a00000| 99%| O|  |TAMS 0x0000000085900000, 0x0000000085900000| Untracked 
|   4|0x0000000085a00000, 0x0000000085afffe8, 0x0000000085b00000| 99%| O|  |TAMS 0x0000000085a00000, 0x0000000085a00000| Untracked 
|   5|0x0000000085b00000, 0x0000000085c00000, 0x0000000085c00000|100%| O|  |TAMS 0x0000000085c00000, 0x0000000085b00000| Untracked 
|   6|0x0000000085c00000, 0x0000000085cfffc8, 0x0000000085d00000| 99%| O|  |TAMS 0x0000000085c00000, 0x0000000085c00000| Untracked 
|   7|0x0000000085d00000, 0x0000000085dffff0, 0x0000000085e00000| 99%| O|  |TAMS 0x0000000085d00000, 0x0000000085d00000| Untracked 
|   8|0x0000000085e00000, 0x0000000085efffe8, 0x0000000085f00000| 99%| O|  |TAMS 0x0000000085e00000, 0x0000000085e00000| Untracked 
|   9|0x0000000085f00000, 0x0000000085fffff0, 0x0000000086000000| 99%| O|  |TAMS 0x0000000085f00000, 0x0000000085f00000| Untracked 
|  10|0x0000000086000000, 0x00000000860fffe0, 0x0000000086100000| 99%| O|  |TAMS 0x0000000086000000, 0x0000000086000000| Untracked 
|  11|0x0000000086100000, 0x0000000086200000, 0x0000000086200000|100%| O|  |TAMS 0x0000000086200000, 0x0000000086100000| Untracked 
|  12|0x0000000086200000, 0x00000000862ffff0, 0x0000000086300000| 99%| O|  |TAMS 0x0000000086200000, 0x0000000086200000| Untracked 
|  13|0x0000000086300000, 0x00000000863ffff8, 0x0000000086400000| 99%| O|  |TAMS 0x0000000086300000, 0x0000000086300000| Untracked 
|  14|0x0000000086400000, 0x0000000086500000, 0x0000000086500000|100%| O|  |TAMS 0x0000000086400000, 0x0000000086400000| Untracked 
|  15|0x0000000086500000, 0x00000000865ffff0, 0x0000000086600000| 99%| O|  |TAMS 0x0000000086500000, 0x0000000086500000| Untracked 
|  16|0x0000000086600000, 0x00000000866ffff8, 0x0000000086700000| 99%| O|  |TAMS 0x0000000086600000, 0x0000000086600000| Untracked 
|  17|0x0000000086700000, 0x00000000867ffff0, 0x0000000086800000| 99%| O|  |TAMS 0x0000000086700000, 0x0000000086700000| Untracked 
|  18|0x0000000086800000, 0x00000000868ffff0, 0x0000000086900000| 99%| O|  |TAMS 0x0000000086800000, 0x0000000086800000| Untracked 
|  19|0x0000000086900000, 0x00000000869ffb80, 0x0000000086a00000| 99%| O|  |TAMS 0x0000000086900000, 0x0000000086900000| Untracked 
|  20|0x0000000086a00000, 0x0000000086affff8, 0x0000000086b00000| 99%| O|  |TAMS 0x0000000086a00000, 0x0000000086a00000| Untracked 
|  21|0x0000000086b00000, 0x0000000086bfff50, 0x0000000086c00000| 99%| O|  |TAMS 0x0000000086b00000, 0x0000000086b00000| Untracked 
|  22|0x0000000086c00000, 0x0000000086d00000, 0x0000000086d00000|100%| O|  |TAMS 0x0000000086d00000, 0x0000000086c00000| Untracked 
|  23|0x0000000086d00000, 0x0000000086dffff8, 0x0000000086e00000| 99%| O|  |TAMS 0x0000000086d00000, 0x0000000086d00000| Untracked 
|  24|0x0000000086e00000, 0x0000000086e9edf0, 0x0000000086f00000| 62%| O|  |TAMS 0x0000000086e00000, 0x0000000086e00000| Untracked 
|  25|0x0000000086f00000, 0x0000000086f4ca78, 0x0000000087000000| 29%| O|  |TAMS 0x0000000086f00000, 0x0000000086f00000| Untracked 
|  26|0x0000000087000000, 0x0000000087100000, 0x0000000087100000|100%| O|  |TAMS 0x0000000087000000, 0x0000000087000000| Untracked 
|  27|0x0000000087100000, 0x0000000087142130, 0x0000000087200000| 25%| O|  |TAMS 0x0000000087100000, 0x0000000087100000| Untracked 
|  28|0x0000000087200000, 0x0000000087219b98, 0x0000000087300000| 10%| O|  |TAMS 0x0000000087200000, 0x0000000087200000| Untracked 
|  29|0x0000000087300000, 0x0000000087400000, 0x0000000087400000|100%| O|  |TAMS 0x0000000087300000, 0x0000000087300000| Untracked 
|  30|0x0000000087400000, 0x000000008746e5c8, 0x0000000087500000| 43%| O|  |TAMS 0x0000000087400000, 0x0000000087400000| Untracked 
|  31|0x0000000087500000, 0x0000000087600000, 0x0000000087600000|100%| O|  |TAMS 0x0000000087500000, 0x0000000087500000| Untracked 
|  32|0x0000000087600000, 0x000000008761c400, 0x0000000087700000| 11%| O|  |TAMS 0x0000000087600000, 0x0000000087600000| Untracked 
|  33|0x0000000087700000, 0x0000000087700000, 0x0000000087800000|  0%| F|  |TAMS 0x0000000087700000, 0x0000000087700000| Untracked 
|  34|0x0000000087800000, 0x0000000087800000, 0x0000000087900000|  0%| F|  |TAMS 0x0000000087800000, 0x0000000087800000| Untracked 
|  35|0x0000000087900000, 0x0000000087900000, 0x0000000087a00000|  0%| F|  |TAMS 0x0000000087900000, 0x0000000087900000| Untracked 
|  36|0x0000000087a00000, 0x0000000087a00000, 0x0000000087b00000|  0%| F|  |TAMS 0x0000000087a00000, 0x0000000087a00000| Untracked 
|  37|0x0000000087b00000, 0x0000000087b00000, 0x0000000087c00000|  0%| F|  |TAMS 0x0000000087b00000, 0x0000000087b00000| Untracked 
|  38|0x0000000087c00000, 0x0000000087c00000, 0x0000000087d00000|  0%| F|  |TAMS 0x0000000087c00000, 0x0000000087c00000| Untracked 
|  39|0x0000000087d00000, 0x0000000087d00000, 0x0000000087e00000|  0%| F|  |TAMS 0x0000000087d00000, 0x0000000087d00000| Untracked 
|  40|0x0000000087e00000, 0x0000000087e00000, 0x0000000087f00000|  0%| F|  |TAMS 0x0000000087e00000, 0x0000000087e00000| Untracked 
|  41|0x0000000087f00000, 0x0000000087f00000, 0x0000000088000000|  0%| F|  |TAMS 0x0000000087f00000, 0x0000000087f00000| Untracked 
|  42|0x0000000088000000, 0x0000000088000000, 0x0000000088100000|  0%| F|  |TAMS 0x0000000088000000, 0x0000000088000000| Untracked 
|  43|0x0000000088100000, 0x0000000088100000, 0x0000000088200000|  0%| F|  |TAMS 0x0000000088100000, 0x0000000088100000| Untracked 
|  44|0x0000000088200000, 0x0000000088200000, 0x0000000088300000|  0%| F|  |TAMS 0x0000000088200000, 0x0000000088200000| Untracked 
|  45|0x0000000088300000, 0x0000000088300000, 0x0000000088400000|  0%| F|  |TAMS 0x0000000088300000, 0x0000000088300000| Untracked 
|  46|0x0000000088400000, 0x0000000088400000, 0x0000000088500000|  0%| F|  |TAMS 0x0000000088400000, 0x0000000088400000| Untracked 
|  47|0x0000000088500000, 0x0000000088500000, 0x0000000088600000|  0%| F|  |TAMS 0x0000000088500000, 0x0000000088500000| Untracked 
|  48|0x0000000088600000, 0x0000000088600000, 0x0000000088700000|  0%| F|  |TAMS 0x0000000088600000, 0x0000000088600000| Untracked 
|  49|0x0000000088700000, 0x0000000088700000, 0x0000000088800000|  0%| F|  |TAMS 0x0000000088700000, 0x0000000088700000| Untracked 
|  50|0x0000000088800000, 0x0000000088800000, 0x0000000088900000|  0%| F|  |TAMS 0x0000000088800000, 0x0000000088800000| Untracked 
|  51|0x0000000088900000, 0x0000000088900000, 0x0000000088a00000|  0%| F|  |TAMS 0x0000000088900000, 0x0000000088900000| Untracked 
|  52|0x0000000088a00000, 0x0000000088a2ee78, 0x0000000088b00000| 18%| S|CS|TAMS 0x0000000088a00000, 0x0000000088a00000| Complete 
|  53|0x0000000088b00000, 0x0000000088c00000, 0x0000000088c00000|100%| S|CS|TAMS 0x0000000088b00000, 0x0000000088b00000| Complete 
|  54|0x0000000088c00000, 0x0000000088c00000, 0x0000000088d00000|  0%| F|  |TAMS 0x0000000088c00000, 0x0000000088c00000| Untracked 
|  55|0x0000000088d00000, 0x0000000088d00000, 0x0000000088e00000|  0%| F|  |TAMS 0x0000000088d00000, 0x0000000088d00000| Untracked 
|  56|0x0000000088e00000, 0x0000000088e00000, 0x0000000088f00000|  0%| F|  |TAMS 0x0000000088e00000, 0x0000000088e00000| Untracked 
|  57|0x0000000088f00000, 0x0000000089000000, 0x0000000089000000|100%| S|CS|TAMS 0x0000000088f00000, 0x0000000088f00000| Complete 
|  58|0x0000000089000000, 0x00000000890f9638, 0x0000000089100000| 97%| E|  |TAMS 0x0000000089000000, 0x0000000089000000| Complete 
|  59|0x0000000089100000, 0x0000000089200000, 0x0000000089200000|100%| E|CS|TAMS 0x0000000089100000, 0x0000000089100000| Complete 
|  60|0x0000000089200000, 0x0000000089300000, 0x0000000089300000|100%| E|CS|TAMS 0x0000000089200000, 0x0000000089200000| Complete 
|  61|0x0000000089300000, 0x0000000089400000, 0x0000000089400000|100%| E|CS|TAMS 0x0000000089300000, 0x0000000089300000| Complete 
|  62|0x0000000089400000, 0x0000000089500000, 0x0000000089500000|100%| E|CS|TAMS 0x0000000089400000, 0x0000000089400000| Complete 
|  63|0x0000000089500000, 0x0000000089600000, 0x0000000089600000|100%| E|CS|TAMS 0x0000000089500000, 0x0000000089500000| Complete 
|  64|0x0000000089600000, 0x0000000089700000, 0x0000000089700000|100%| E|CS|TAMS 0x0000000089600000, 0x0000000089600000| Complete 
|  65|0x0000000089700000, 0x0000000089800000, 0x0000000089800000|100%| E|CS|TAMS 0x0000000089700000, 0x0000000089700000| Complete 
|  66|0x0000000089800000, 0x0000000089900000, 0x0000000089900000|100%| E|CS|TAMS 0x0000000089800000, 0x0000000089800000| Complete 
|  67|0x0000000089900000, 0x0000000089a00000, 0x0000000089a00000|100%| E|CS|TAMS 0x0000000089900000, 0x0000000089900000| Complete 
|  68|0x0000000089a00000, 0x0000000089b00000, 0x0000000089b00000|100%| E|CS|TAMS 0x0000000089a00000, 0x0000000089a00000| Complete 
|  69|0x0000000089b00000, 0x0000000089c00000, 0x0000000089c00000|100%| E|CS|TAMS 0x0000000089b00000, 0x0000000089b00000| Complete 
|  70|0x0000000089c00000, 0x0000000089d00000, 0x0000000089d00000|100%| E|CS|TAMS 0x0000000089c00000, 0x0000000089c00000| Complete 
|  71|0x0000000089d00000, 0x0000000089e00000, 0x0000000089e00000|100%| E|CS|TAMS 0x0000000089d00000, 0x0000000089d00000| Complete 
|  72|0x0000000089e00000, 0x0000000089f00000, 0x0000000089f00000|100%| E|CS|TAMS 0x0000000089e00000, 0x0000000089e00000| Complete 
|  73|0x0000000089f00000, 0x000000008a000000, 0x000000008a000000|100%| E|CS|TAMS 0x0000000089f00000, 0x0000000089f00000| Complete 
|  74|0x000000008a000000, 0x000000008a100000, 0x000000008a100000|100%| E|CS|TAMS 0x000000008a000000, 0x000000008a000000| Complete 
|  75|0x000000008a100000, 0x000000008a200000, 0x000000008a200000|100%| E|CS|TAMS 0x000000008a100000, 0x000000008a100000| Complete 
|  76|0x000000008a200000, 0x000000008a300000, 0x000000008a300000|100%| E|CS|TAMS 0x000000008a200000, 0x000000008a200000| Complete 
|  77|0x000000008a300000, 0x000000008a400000, 0x000000008a400000|100%| E|CS|TAMS 0x000000008a300000, 0x000000008a300000| Complete 
|  78|0x000000008a400000, 0x000000008a500000, 0x000000008a500000|100%| E|CS|TAMS 0x000000008a400000, 0x000000008a400000| Complete 
|  79|0x000000008a500000, 0x000000008a600000, 0x000000008a600000|100%| E|CS|TAMS 0x000000008a500000, 0x000000008a500000| Complete 
|  80|0x000000008a600000, 0x000000008a700000, 0x000000008a700000|100%| E|CS|TAMS 0x000000008a600000, 0x000000008a600000| Complete 
|  81|0x000000008a700000, 0x000000008a800000, 0x000000008a800000|100%| E|CS|TAMS 0x000000008a700000, 0x000000008a700000| Complete 
|  82|0x000000008a800000, 0x000000008a900000, 0x000000008a900000|100%| E|CS|TAMS 0x000000008a800000, 0x000000008a800000| Complete 
|  83|0x000000008a900000, 0x000000008aa00000, 0x000000008aa00000|100%| E|CS|TAMS 0x000000008a900000, 0x000000008a900000| Complete 
|  84|0x000000008aa00000, 0x000000008ab00000, 0x000000008ab00000|100%| E|CS|TAMS 0x000000008aa00000, 0x000000008aa00000| Complete 
|  85|0x000000008ab00000, 0x000000008ac00000, 0x000000008ac00000|100%| E|CS|TAMS 0x000000008ab00000, 0x000000008ab00000| Complete 
|  86|0x000000008ac00000, 0x000000008ad00000, 0x000000008ad00000|100%| E|CS|TAMS 0x000000008ac00000, 0x000000008ac00000| Complete 
|  87|0x000000008ad00000, 0x000000008ae00000, 0x000000008ae00000|100%| E|CS|TAMS 0x000000008ad00000, 0x000000008ad00000| Complete 
|  88|0x000000008ae00000, 0x000000008af00000, 0x000000008af00000|100%| E|CS|TAMS 0x000000008ae00000, 0x000000008ae00000| Complete 
|  89|0x000000008af00000, 0x000000008b000000, 0x000000008b000000|100%| E|CS|TAMS 0x000000008af00000, 0x000000008af00000| Complete 
|  90|0x000000008b000000, 0x000000008b100000, 0x000000008b100000|100%| E|CS|TAMS 0x000000008b000000, 0x000000008b000000| Complete 
|  91|0x000000008b100000, 0x000000008b200000, 0x000000008b200000|100%| E|CS|TAMS 0x000000008b100000, 0x000000008b100000| Complete 
|  92|0x000000008b200000, 0x000000008b300000, 0x000000008b300000|100%| E|CS|TAMS 0x000000008b200000, 0x000000008b200000| Complete 
|  93|0x000000008b300000, 0x000000008b400000, 0x000000008b400000|100%| E|CS|TAMS 0x000000008b300000, 0x000000008b300000| Complete 
|  94|0x000000008b400000, 0x000000008b500000, 0x000000008b500000|100%| E|CS|TAMS 0x000000008b400000, 0x000000008b400000| Complete 
|  95|0x000000008b500000, 0x000000008b600000, 0x000000008b600000|100%| E|CS|TAMS 0x000000008b500000, 0x000000008b500000| Complete 
|  96|0x000000008b600000, 0x000000008b700000, 0x000000008b700000|100%| E|CS|TAMS 0x000000008b600000, 0x000000008b600000| Complete 

Card table byte_map: [0x000001b93b7e0000,0x000001b93bbc0000] _byte_map_base: 0x000001b93b3b5000

Marking Bits (Prev, Next): (CMBitMap*) 0x000001b922897370, (CMBitMap*) 0x000001b922897330
 Prev Bits: [0x000001b93de50000, 0x000001b93fcf8000)
 Next Bits: [0x000001b93bfa0000, 0x000001b93de48000)

Polling page: 0x000001b9240b0000

Metaspace:

Usage:
  Non-class:     41.46 MB used.
      Class:      5.93 MB used.
       Both:     47.39 MB used.

Virtual space:
  Non-class space:       64.00 MB reserved,      42.00 MB ( 66%) committed,  1 nodes.
      Class space:        1.00 GB reserved,       6.50 MB ( <1%) committed,  1 nodes.
             Both:        1.06 GB reserved,      48.50 MB (  4%) committed. 

Chunk freelists:
   Non-Class:  5.25 MB
       Class:  9.37 MB
        Both:  14.62 MB

MaxMetaspaceSize: unlimited
CompressedClassSpaceSize: 1.00 GB
Initial GC threshold: 21.00 MB
Current GC threshold: 74.81 MB
CDS: on
MetaspaceReclaimPolicy: balanced
 - commit_granule_bytes: 65536.
 - commit_granule_words: 8192.
 - virtual_space_node_default_size: 8388608.
 - enlarge_chunks_in_place: 1.
 - new_chunks_are_fully_committed: 0.
 - uncommit_free_chunks: 1.
 - use_allocation_guard: 0.
 - handle_deallocations: 1.


Internal statistics:

num_allocs_failed_limit: 6.
num_arena_births: 1808.
num_arena_deaths: 0.
num_vsnodes_births: 2.
num_vsnodes_deaths: 0.
num_space_committed: 776.
num_space_uncommitted: 0.
num_chunks_returned_to_freelist: 6.
num_chunks_taken_from_freelist: 3997.
num_chunk_merges: 3.
num_chunk_splits: 2568.
num_chunks_enlarged: 1543.
num_purges: 0.
num_inconsistent_stats: 0.

CodeHeap 'non-profiled nmethods': size=120000Kb used=6031Kb max_used=6031Kb free=113969Kb
 bounds [0x000001b933470000, 0x000001b933a60000, 0x000001b93a9a0000]
CodeHeap 'profiled nmethods': size=120000Kb used=15984Kb max_used=16779Kb free=104015Kb
 bounds [0x000001b92b9a0000, 0x000001b92ca50000, 0x000001b932ed0000]
CodeHeap 'non-nmethods': size=5760Kb used=1703Kb max_used=1770Kb free=4056Kb
 bounds [0x000001b932ed0000, 0x000001b933140000, 0x000001b933470000]
 total_blobs=7944 nmethods=7239 adapters=617
 compilation: enabled
              stopped_count=0, restarted_count=0
 full_count=0

Compilation events (20 events):
Event: 1126.932 Thread 0x000001b9427980f0 nmethod 8737 0x000001b92bddb790 code [0x000001b92bddba80, 0x000001b92bddcde8]
Event: 1138.153 Thread 0x000001b942796640 8738       4       java.util.concurrent.ThreadPoolExecutor::afterExecute (1 bytes)
Event: 1138.154 Thread 0x000001b942796640 nmethod 8738 0x000001b933a4f190 code [0x000001b933a4f300, 0x000001b933a4f378]
Event: 1185.026 Thread 0x000001b942796640 8739   !   4       java.util.concurrent.ConcurrentHashMap::putVal (432 bytes)
Event: 1185.195 Thread 0x000001b942796640 nmethod 8739 0x000001b933a4f490 code [0x000001b933a4f6c0, 0x000001b933a511a0]
Event: 1213.531 Thread 0x000001b942796640 8740       4       java.util.concurrent.TimeUnit::convert (77 bytes)
Event: 1213.542 Thread 0x000001b942796640 nmethod 8740 0x000001b933a52190 code [0x000001b933a52320, 0x000001b933a52518]
Event: 1258.154 Thread 0x000001b942796640 8741       4       java.util.concurrent.ScheduledThreadPoolExecutor$ScheduledFutureTask::getDelay (16 bytes)
Event: 1258.169 Thread 0x000001b942796640 nmethod 8741 0x000001b933a52690 code [0x000001b933a52820, 0x000001b933a52a18]
Event: 1267.211 Thread 0x000001b942796640 8742       4       java.util.concurrent.atomic.AtomicLong::getAndSet (12 bytes)
Event: 1267.215 Thread 0x000001b942796640 nmethod 8742 0x000001b933a52b90 code [0x000001b933a52d00, 0x000001b933a52d78]
Event: 1269.138 Thread 0x000001b942796640 8743       4       java.util.concurrent.locks.ReentrantReadWriteLock$Sync::tryReleaseShared (146 bytes)
Event: 1269.165 Thread 0x000001b942796640 nmethod 8743 0x000001b933a52e90 code [0x000001b933a53000, 0x000001b933a53198]
Event: 1299.173 Thread 0x000001b9427980f0 8744       1       org.apache.catalina.loader.WebappLoader::getContext (5 bytes)
Event: 1299.178 Thread 0x000001b9427980f0 nmethod 8744 0x000001b933a53310 code [0x000001b933a534a0, 0x000001b933a53578]
Event: 1299.179 Thread 0x000001b9427980f0 8745       1       org.apache.catalina.core.StandardContext::getReloadable (5 bytes)
Event: 1299.180 Thread 0x000001b9427980f0 nmethod 8745 0x000001b933a53610 code [0x000001b933a537a0, 0x000001b933a53878]
Event: 1299.181 Thread 0x000001b9427980f0 8746       1       org.apache.catalina.core.StandardWrapper::getServlet (5 bytes)
Event: 1299.184 Thread 0x000001b9427980f0 nmethod 8746 0x000001b933a53910 code [0x000001b933a53aa0, 0x000001b933a53b78]
Event: 1300.797 Thread 0x000001b942796640 8747       4       org.springframework.util.StringUtils::replace (130 bytes)

GC Heap History (20 events):
Event: 68.868 GC heap before
{Heap before GC invocations=12 (full 0):
 garbage-first heap   total 48128K, used 36536K [0x0000000085600000, 0x0000000100000000)
  region size 1024K, 17 young (17408K), 3 survivors (3072K)
 Metaspace       used 39809K, committed 40448K, reserved 1114112K
  class space    used 5125K, committed 5440K, reserved 1048576K
}
Event: 68.875 GC heap after
{Heap after GC invocations=13 (full 0):
 garbage-first heap   total 48128K, used 25315K [0x0000000085600000, 0x0000000100000000)
  region size 1024K, 3 young (3072K), 3 survivors (3072K)
 Metaspace       used 39809K, committed 40448K, reserved 1114112K
  class space    used 5125K, committed 5440K, reserved 1048576K
}
Event: 69.333 GC heap before
{Heap before GC invocations=13 (full 0):
 garbage-first heap   total 48128K, used 35555K [0x0000000085600000, 0x0000000100000000)
  region size 1024K, 14 young (14336K), 3 survivors (3072K)
 Metaspace       used 41339K, committed 42112K, reserved 1114112K
  class space    used 5306K, committed 5696K, reserved 1048576K
}
Event: 69.339 GC heap after
{Heap after GC invocations=14 (full 0):
 garbage-first heap   total 48128K, used 26944K [0x0000000085600000, 0x0000000100000000)
  region size 1024K, 2 young (2048K), 2 survivors (2048K)
 Metaspace       used 41339K, committed 42112K, reserved 1114112K
  class space    used 5306K, committed 5696K, reserved 1048576K
}
Event: 69.385 GC heap before
{Heap before GC invocations=15 (full 0):
 garbage-first heap   total 55296K, used 37184K [0x0000000085600000, 0x0000000100000000)
  region size 1024K, 12 young (12288K), 2 survivors (2048K)
 Metaspace       used 41346K, committed 42112K, reserved 1114112K
  class space    used 5306K, committed 5696K, reserved 1048576K
}
Event: 69.389 GC heap after
{Heap after GC invocations=16 (full 0):
 garbage-first heap   total 55296K, used 27854K [0x0000000085600000, 0x0000000100000000)
  region size 1024K, 2 young (2048K), 2 survivors (2048K)
 Metaspace       used 41346K, committed 42112K, reserved 1114112K
  class space    used 5306K, committed 5696K, reserved 1048576K
}
Event: 69.985 GC heap before
{Heap before GC invocations=16 (full 0):
 garbage-first heap   total 55296K, used 42190K [0x0000000085600000, 0x0000000100000000)
  region size 1024K, 16 young (16384K), 2 survivors (2048K)
 Metaspace       used 42293K, committed 43200K, reserved 1114112K
  class space    used 5456K, committed 5888K, reserved 1048576K
}
Event: 69.991 GC heap after
{Heap after GC invocations=17 (full 0):
 garbage-first heap   total 55296K, used 30049K [0x0000000085600000, 0x0000000100000000)
  region size 1024K, 2 young (2048K), 2 survivors (2048K)
 Metaspace       used 42293K, committed 43200K, reserved 1114112K
  class space    used 5456K, committed 5888K, reserved 1048576K
}
Event: 73.727 GC heap before
{Heap before GC invocations=18 (full 0):
 garbage-first heap   total 58368K, used 42337K [0x0000000085600000, 0x0000000100000000)
  region size 1024K, 14 young (14336K), 2 survivors (2048K)
 Metaspace       used 43430K, committed 44416K, reserved 1114112K
  class space    used 5601K, committed 6080K, reserved 1048576K
}
Event: 73.732 GC heap after
{Heap after GC invocations=19 (full 0):
 garbage-first heap   total 116736K, used 31683K [0x0000000085600000, 0x0000000100000000)
  region size 1024K, 2 young (2048K), 2 survivors (2048K)
 Metaspace       used 43430K, committed 44416K, reserved 1114112K
  class space    used 5601K, committed 6080K, reserved 1048576K
}
Event: 107.109 GC heap before
{Heap before GC invocations=19 (full 0):
 garbage-first heap   total 116736K, used 40899K [0x0000000085600000, 0x0000000100000000)
  region size 1024K, 12 young (12288K), 2 survivors (2048K)
 Metaspace       used 44941K, committed 45952K, reserved 1114112K
  class space    used 5820K, committed 6336K, reserved 1048576K
}
Event: 107.202 GC heap after
{Heap after GC invocations=20 (full 1):
 garbage-first heap   total 99328K, used 26325K [0x0000000085600000, 0x0000000100000000)
  region size 1024K, 0 young (0K), 0 survivors (0K)
 Metaspace       used 44941K, committed 45952K, reserved 1114112K
  class space    used 5820K, committed 6336K, reserved 1048576K
}
Event: 127.916 GC heap before
{Heap before GC invocations=20 (full 1):
 garbage-first heap   total 99328K, used 70357K [0x0000000085600000, 0x0000000100000000)
  region size 1024K, 43 young (44032K), 0 survivors (0K)
 Metaspace       used 46289K, committed 47360K, reserved 1114112K
  class space    used 5883K, committed 6400K, reserved 1048576K
}
Event: 127.925 GC heap after
{Heap after GC invocations=21 (full 1):
 garbage-first heap   total 99328K, used 32389K [0x0000000085600000, 0x0000000100000000)
  region size 1024K, 6 young (6144K), 6 survivors (6144K)
 Metaspace       used 46289K, committed 47360K, reserved 1114112K
  class space    used 5883K, committed 6400K, reserved 1048576K
}
Event: 554.082 GC heap before
{Heap before GC invocations=21 (full 1):
 garbage-first heap   total 99328K, used 71301K [0x0000000085600000, 0x0000000100000000)
  region size 1024K, 44 young (45056K), 6 survivors (6144K)
 Metaspace       used 46937K, committed 48000K, reserved 1114112K
  class space    used 5929K, committed 6464K, reserved 1048576K
}
Event: 554.130 GC heap after
{Heap after GC invocations=22 (full 1):
 garbage-first heap   total 99328K, used 31329K [0x0000000085600000, 0x0000000100000000)
  region size 1024K, 2 young (2048K), 2 survivors (2048K)
 Metaspace       used 46937K, committed 48000K, reserved 1114112K
  class space    used 5929K, committed 6464K, reserved 1048576K
}
Event: 728.994 GC heap before
{Heap before GC invocations=22 (full 1):
 garbage-first heap   total 99328K, used 69217K [0x0000000085600000, 0x0000000100000000)
  region size 1024K, 40 young (40960K), 2 survivors (2048K)
 Metaspace       used 47463K, committed 48512K, reserved 1114112K
  class space    used 5958K, committed 6464K, reserved 1048576K
}
Event: 729.019 GC heap after
{Heap after GC invocations=23 (full 1):
 garbage-first heap   total 99328K, used 32457K [0x0000000085600000, 0x0000000100000000)
  region size 1024K, 3 young (3072K), 3 survivors (3072K)
 Metaspace       used 47463K, committed 48512K, reserved 1114112K
  class space    used 5958K, committed 6464K, reserved 1048576K
}
Event: 984.344 GC heap before
{Heap before GC invocations=23 (full 1):
 garbage-first heap   total 99328K, used 72393K [0x0000000085600000, 0x0000000100000000)
  region size 1024K, 42 young (43008K), 3 survivors (3072K)
 Metaspace       used 48398K, committed 49536K, reserved 1114112K
  class space    used 6066K, committed 6656K, reserved 1048576K
}
Event: 984.432 GC heap after
{Heap after GC invocations=24 (full 1):
 garbage-first heap   total 99328K, used 31745K [0x0000000085600000, 0x0000000100000000)
  region size 1024K, 3 young (3072K), 3 survivors (3072K)
 Metaspace       used 48398K, committed 49536K, reserved 1114112K
  class space    used 6066K, committed 6656K, reserved 1048576K
}

Deoptimization events (20 events):
Event: 1300.789 Thread 0x000001b98b3df060 DEOPT PACKING pc=0x000001b92bedb7a4 sp=0x00000087b33fed00
Event: 1300.789 Thread 0x000001b98b3df060 DEOPT UNPACKING pc=0x000001b932f22b43 sp=0x00000087b33fe270 mode 1
Event: 1300.789 Thread 0x000001b98b3df060 DEOPT PACKING pc=0x000001b92c8251e4 sp=0x00000087b33fee50
Event: 1300.789 Thread 0x000001b98b3df060 DEOPT UNPACKING pc=0x000001b932f22b43 sp=0x00000087b33fe300 mode 1
Event: 1300.789 Thread 0x000001b98b3df060 DEOPT PACKING pc=0x000001b9337349c8 sp=0x00000087b33fe350
Event: 1300.789 Thread 0x000001b98b3df060 DEOPT UNPACKING pc=0x000001b932f22b43 sp=0x00000087b33fd7e8 mode 1
Event: 1300.789 Thread 0x000001b98b3df060 DEOPT PACKING pc=0x000001b933794d54 sp=0x00000087b33fecc0
Event: 1300.789 Thread 0x000001b98b3df060 DEOPT UNPACKING pc=0x000001b932f22b43 sp=0x00000087b33fe138 mode 1
Event: 1300.789 Thread 0x000001b98b3df060 DEOPT PACKING pc=0x000001b92bedb7a4 sp=0x00000087b33fed00
Event: 1300.789 Thread 0x000001b98b3df060 DEOPT UNPACKING pc=0x000001b932f22b43 sp=0x00000087b33fe270 mode 1
Event: 1300.789 Thread 0x000001b98b3df060 DEOPT PACKING pc=0x000001b92c8251e4 sp=0x00000087b33fee50
Event: 1300.789 Thread 0x000001b98b3df060 DEOPT UNPACKING pc=0x000001b932f22b43 sp=0x00000087b33fe300 mode 1
Event: 1300.789 Thread 0x000001b98b3df060 DEOPT PACKING pc=0x000001b9337349c8 sp=0x00000087b33fe350
Event: 1300.789 Thread 0x000001b98b3df060 DEOPT UNPACKING pc=0x000001b932f22b43 sp=0x00000087b33fd7e8 mode 1
Event: 1300.789 Thread 0x000001b98b3df060 DEOPT PACKING pc=0x000001b933794d54 sp=0x00000087b33fecc0
Event: 1300.789 Thread 0x000001b98b3df060 DEOPT UNPACKING pc=0x000001b932f22b43 sp=0x00000087b33fe138 mode 1
Event: 1300.789 Thread 0x000001b98b3df060 DEOPT PACKING pc=0x000001b92bedb7a4 sp=0x00000087b33fed00
Event: 1300.789 Thread 0x000001b98b3df060 DEOPT UNPACKING pc=0x000001b932f22b43 sp=0x00000087b33fe270 mode 1
Event: 1300.789 Thread 0x000001b98b3df060 DEOPT PACKING pc=0x000001b92c8251e4 sp=0x00000087b33fee50
Event: 1300.789 Thread 0x000001b98b3df060 DEOPT UNPACKING pc=0x000001b932f22b43 sp=0x00000087b33fe300 mode 1

Classes unloaded (0 events):
No events

Classes redefined (0 events):
No events

Internal exceptions (20 events):
Event: 107.100 Thread 0x000001b98b3e68b0 Implicit null exception at 0x000001b93366be88 to 0x000001b93366c620
Event: 107.107 Thread 0x000001b9887dcf90 Exception <a 'java/lang/InterruptedException'{0x000000008beb20b0}: sleep interrupted> (0x000000008beb20b0) 
thrown [s\open\src\hotspot\share\prims\jvm.cpp, line 3070]
Event: 107.256 Thread 0x000001b9887de2d0 Exception <a 'sun/nio/fs/WindowsException'{0x000000008b685028}> (0x000000008b685028) 
thrown [s\open\src\hotspot\share\prims\jni.cpp, line 516]
Event: 107.375 Thread 0x000001b9887de2d0 Exception <a 'sun/nio/fs/WindowsException'{0x000000008b4cba50}> (0x000000008b4cba50) 
thrown [s\open\src\hotspot\share\prims\jni.cpp, line 516]
Event: 107.888 Thread 0x000001b9887de2d0 Exception <a 'java/lang/NoClassDefFoundError'{0x000000008a401f20}: org/flywaydb/core/Flyway> (0x000000008a401f20) 
thrown [s\open\src\hotspot\share\oops\constantPool.cpp, line 835]
Event: 107.888 Thread 0x000001b9887de2d0 Exception <a 'java/lang/NoClassDefFoundError'{0x000000008a402570}: liquibase/integration/spring/SpringLiquibase> (0x000000008a402570) 
thrown [s\open\src\hotspot\share\oops\constantPool.cpp, line 835]
Event: 108.048 Thread 0x000001b9887de2d0 Exception <a 'sun/nio/fs/WindowsException'{0x000000008a181120}> (0x000000008a181120) 
thrown [s\open\src\hotspot\share\prims\jni.cpp, line 516]
Event: 108.049 Thread 0x000001b9887de2d0 Exception <a 'sun/nio/fs/WindowsException'{0x000000008a181778}> (0x000000008a181778) 
thrown [s\open\src\hotspot\share\prims\jni.cpp, line 516]
Event: 108.052 Thread 0x000001b9887de2d0 Exception <a 'sun/nio/fs/WindowsException'{0x000000008a181e50}> (0x000000008a181e50) 
thrown [s\open\src\hotspot\share\prims\jni.cpp, line 516]
Event: 108.070 Thread 0x000001b9887de2d0 Exception <a 'java/io/FileNotFoundException'{0x000000008a1ac888}> (0x000000008a1ac888) 
thrown [s\open\src\hotspot\share\prims\jni.cpp, line 516]
Event: 108.137 Thread 0x000001b9887de2d0 Exception <a 'java/io/FileNotFoundException'{0x000000008a0e8188}> (0x000000008a0e8188) 
thrown [s\open\src\hotspot\share\prims\jni.cpp, line 516]
Event: 108.247 Thread 0x000001b9887de2d0 Implicit null exception at 0x000001b9334cc34b to 0x000001b9334cc37c
Event: 108.384 Thread 0x000001b9887de2d0 Exception <a 'sun/nio/fs/WindowsException'{0x0000000089dac260}> (0x0000000089dac260) 
thrown [s\open\src\hotspot\share\prims\jni.cpp, line 516]
Event: 525.904 Thread 0x000001b98b3dfed0 Implicit null exception at 0x000001b9338ad744 to 0x000001b9338ade4c
Event: 640.563 Thread 0x000001b98b3e16e0 Implicit null exception at 0x000001b93398c0c0 to 0x000001b93398cbd8
Event: 640.564 Thread 0x000001b98b3e16e0 Implicit null exception at 0x000001b933989e72 to 0x000001b93398a6ec
Event: 721.188 Thread 0x000001b98b3e2550 Implicit null exception at 0x000001b93399decb to 0x000001b93399e070
Event: 722.231 Thread 0x000001b98b3e2550 Implicit null exception at 0x000001b93395173e to 0x000001b933951b40
Event: 729.281 Thread 0x000001b98b3e1bb0 Exception <a 'java/lang/NoSuchMethodError'{0x000000008b264a90}: 'java.lang.Object java.lang.invoke.DelegatingMethodHandle$Holder.delegate(java.lang.Object, int, java.lang.Object)'> (0x000000008b264a90) 
thrown [s\open\src\hotspot\share\interpreter\linkResolver.cpp, line 759]
Event: 753.442 Thread 0x000001b98b3e0d40 Exception <a 'java/io/IOException'{0x000000008a22c0e0}> (0x000000008a22c0e0) 
thrown [s\open\src\hotspot\share\prims\jni.cpp, line 516]

VM Operations (20 events):
Event: 807.800 Executing VM operation: Cleanup
Event: 807.800 Executing VM operation: Cleanup done
Event: 971.996 Executing VM operation: Cleanup
Event: 972.005 Executing VM operation: Cleanup done
Event: 984.337 Executing VM operation: G1CollectForAllocation
Event: 984.433 Executing VM operation: G1CollectForAllocation done
Event: 998.525 Executing VM operation: Cleanup
Event: 998.525 Executing VM operation: Cleanup done
Event: 1015.656 Executing VM operation: Cleanup
Event: 1015.657 Executing VM operation: Cleanup done
Event: 1026.718 Executing VM operation: Cleanup
Event: 1026.719 Executing VM operation: Cleanup done
Event: 1028.723 Executing VM operation: Cleanup
Event: 1028.723 Executing VM operation: Cleanup done
Event: 1091.267 Executing VM operation: Cleanup
Event: 1091.269 Executing VM operation: Cleanup done
Event: 1094.304 Executing VM operation: Cleanup
Event: 1094.320 Executing VM operation: Cleanup done
Event: 1095.334 Executing VM operation: Cleanup
Event: 1095.334 Executing VM operation: Cleanup done

Events (20 events):
Event: 785.422 loading class java/util/spi/ResourceBundleProvider done
Event: 785.422 loading class sun/util/resources/LocaleData$LocaleDataResourceBundleProvider done
Event: 785.422 loading class sun/util/resources/LocaleData$CommonResourceBundleProvider done
Event: 785.425 loading class java/util/ArrayList$SubList$1
Event: 785.425 loading class java/util/ArrayList$SubList$1 done
Event: 785.426 loading class sun/util/resources/Bundles$2
Event: 785.426 loading class sun/util/resources/Bundles$2 done
Event: 803.725 Thread 0x000001b98aa312c0 Thread added: 0x000001b98aa312c0
Event: 807.031 Thread 0x000001b98aa312c0 Thread exited: 0x000001b98aa312c0
Event: 807.189 Thread 0x000001b989a9f320 Thread added: 0x000001b989a9f320
Event: 812.484 Thread 0x000001b989a9f320 Thread exited: 0x000001b989a9f320
Event: 871.243 Thread 0x000001b988c19a50 Thread exited: 0x000001b988c19a50
Event: 1028.095 Thread 0x000001b988c1a8c0 Thread added: 0x000001b988c1a8c0
Event: 1088.253 Thread 0x000001b988c1a8c0 Thread exited: 0x000001b988c1a8c0
Event: 1093.483 Thread 0x000001b989aa0250 Thread added: 0x000001b989aa0250
Event: 1093.604 Thread 0x000001b988c1a8c0 Thread added: 0x000001b988c1a8c0
Event: 1093.677 Thread 0x000001b989aa0250 Thread exited: 0x000001b989aa0250
Event: 1094.701 Thread 0x000001b989a9ee10 Thread added: 0x000001b989a9ee10
Event: 1100.376 Thread 0x000001b989a9ee10 Thread exited: 0x000001b989a9ee10
Event: 1153.762 Thread 0x000001b988c1a8c0 Thread exited: 0x000001b988c1a8c0


Dynamic libraries:
0x00007ff75d440000 - 0x00007ff75d450000 	C:\Program Files\Java\jdk-17\bin\java.exe
0x00007ff92c7a0000 - 0x00007ff92ca08000 	C:\WINDOWS\SYSTEM32\ntdll.dll
0x00007ff92b2a0000 - 0x00007ff92b369000 	C:\WINDOWS\System32\KERNEL32.DLL
0x00007ff929e10000 - 0x00007ff92a1fd000 	C:\WINDOWS\System32\KERNELBASE.dll
0x00007ff92a200000 - 0x00007ff92a34b000 	C:\WINDOWS\System32\ucrtbase.dll
0x00007ff913010000 - 0x00007ff913029000 	C:\Program Files\Java\jdk-17\bin\jli.dll
0x00007ff90d6c0000 - 0x00007ff90d6db000 	C:\Program Files\Java\jdk-17\bin\VCRUNTIME140.dll
0x00007ff92a840000 - 0x00007ff92a8f4000 	C:\WINDOWS\System32\ADVAPI32.dll
0x00007ff92a6e0000 - 0x00007ff92a789000 	C:\WINDOWS\System32\msvcrt.dll
0x00007ff92a790000 - 0x00007ff92a836000 	C:\WINDOWS\System32\sechost.dll
0x00007ff92bb70000 - 0x00007ff92bc88000 	C:\WINDOWS\System32\RPCRT4.dll
0x00007ff92af20000 - 0x00007ff92b0ec000 	C:\WINDOWS\System32\USER32.dll
0x00007ff929bf0000 - 0x00007ff929c17000 	C:\WINDOWS\System32\win32u.dll
0x00007ff8feaa0000 - 0x00007ff8fed3a000 	C:\WINDOWS\WinSxS\amd64_microsoft.windows.common-controls_6595b64144ccf1df_6.0.26100.4484_none_3e0e6d4ce32ef3b3\COMCTL32.dll
0x00007ff92b3f0000 - 0x00007ff92b41b000 	C:\WINDOWS\System32\GDI32.dll
0x00007ff929cd0000 - 0x00007ff929e07000 	C:\WINDOWS\System32\gdi32full.dll
0x00007ff929c20000 - 0x00007ff929cc3000 	C:\WINDOWS\System32\msvcp_win.dll
0x00007ff916280000 - 0x00007ff91628b000 	C:\WINDOWS\SYSTEM32\VERSION.dll
0x00007ff92bcb0000 - 0x00007ff92bcdf000 	C:\WINDOWS\System32\IMM32.DLL
0x00007ff918250000 - 0x00007ff91825c000 	C:\Program Files\Java\jdk-17\bin\vcruntime140_1.dll
0x00007ff899900000 - 0x00007ff89998e000 	C:\Program Files\Java\jdk-17\bin\msvcp140.dll
0x00007ff899e00000 - 0x00007ff89a9de000 	C:\Program Files\Java\jdk-17\bin\server\jvm.dll
0x00007ff92bc90000 - 0x00007ff92bc98000 	C:\WINDOWS\System32\PSAPI.DLL
0x00007ff9062c0000 - 0x00007ff9062ca000 	C:\WINDOWS\SYSTEM32\WSOCK32.dll
0x00007ff921120000 - 0x00007ff921155000 	C:\WINDOWS\SYSTEM32\WINMM.dll
0x00007ff92b370000 - 0x00007ff92b3e4000 	C:\WINDOWS\System32\WS2_32.dll
0x00007ff928690000 - 0x00007ff9286ab000 	C:\WINDOWS\SYSTEM32\kernel.appcore.dll
0x00007ff90d670000 - 0x00007ff90d67a000 	C:\Program Files\Java\jdk-17\bin\jimage.dll
0x00007ff927010000 - 0x00007ff927251000 	C:\WINDOWS\SYSTEM32\DBGHELP.DLL
0x00007ff92ab90000 - 0x00007ff92af16000 	C:\WINDOWS\System32\combase.dll
0x00007ff92bea0000 - 0x00007ff92bf80000 	C:\WINDOWS\System32\OLEAUT32.dll
0x00007ff8f3960000 - 0x00007ff8f39a3000 	C:\WINDOWS\SYSTEM32\dbgcore.DLL
0x00007ff92a4a0000 - 0x00007ff92a539000 	C:\WINDOWS\System32\bcryptPrimitives.dll
0x00007ff90e540000 - 0x00007ff90e57b000 	C:\Program Files\Java\jdk-17\bin\jdwp.dll
0x00007ff905a70000 - 0x00007ff905a95000 	C:\Program Files\Java\jdk-17\bin\java.dll
0x00007ff8f39f0000 - 0x00007ff8f3ac7000 	C:\Program Files\Java\jdk-17\bin\jsvml.dll
0x00007ff92b420000 - 0x00007ff92bb6a000 	C:\WINDOWS\System32\SHELL32.dll
0x00007ff9298f0000 - 0x00007ff929a64000 	C:\WINDOWS\System32\wintypes.dll
0x00007ff927500000 - 0x00007ff927d5b000 	C:\WINDOWS\SYSTEM32\windows.storage.dll
0x00007ff92a5e0000 - 0x00007ff92a6d5000 	C:\WINDOWS\System32\SHCORE.dll
0x00007ff92aaf0000 - 0x00007ff92ab5a000 	C:\WINDOWS\System32\shlwapi.dll
0x00007ff929800000 - 0x00007ff92982f000 	C:\WINDOWS\SYSTEM32\profapi.dll
0x00007ff9232f0000 - 0x00007ff9232fc000 	C:\Program Files\Java\jdk-17\bin\dt_socket.dll
0x00007ff928130000 - 0x00007ff928163000 	C:\WINDOWS\SYSTEM32\IPHLPAPI.DLL
0x00007ff928c20000 - 0x00007ff928c8a000 	C:\WINDOWS\system32\mswsock.dll
0x00007ff8f91d0000 - 0x00007ff8f91e9000 	C:\Program Files\Java\jdk-17\bin\net.dll
0x00007ff9190a0000 - 0x00007ff9191be000 	C:\WINDOWS\SYSTEM32\WINHTTP.dll
0x00007ff8f4150000 - 0x00007ff8f4166000 	C:\Program Files\Java\jdk-17\bin\nio.dll
0x00007ff8f4130000 - 0x00007ff8f4148000 	C:\Program Files\Java\jdk-17\bin\zip.dll
0x00007ff909c90000 - 0x00007ff909c9a000 	C:\Program Files\Java\jdk-17\bin\management.dll
0x00007ff9059d0000 - 0x00007ff9059db000 	C:\Program Files\Java\jdk-17\bin\management_ext.dll
0x00007ff918280000 - 0x00007ff91828e000 	C:\Program Files\Java\jdk-17\bin\sunmscapi.dll
0x00007ff929a70000 - 0x00007ff929be7000 	C:\WINDOWS\System32\CRYPT32.dll
0x00007ff9290f0000 - 0x00007ff929120000 	C:\WINDOWS\SYSTEM32\ncrypt.dll
0x00007ff9290a0000 - 0x00007ff9290df000 	C:\WINDOWS\SYSTEM32\NTASN1.dll
0x00007ff928ed0000 - 0x00007ff928eeb000 	C:\WINDOWS\SYSTEM32\CRYPTSP.dll
0x00007ff9285f0000 - 0x00007ff92862b000 	C:\WINDOWS\system32\rsaenh.dll
0x00007ff928cc0000 - 0x00007ff928ceb000 	C:\WINDOWS\SYSTEM32\USERENV.dll
0x00007ff9297d0000 - 0x00007ff9297f6000 	C:\WINDOWS\SYSTEM32\bcrypt.dll
0x00007ff928ef0000 - 0x00007ff928efc000 	C:\WINDOWS\SYSTEM32\CRYPTBASE.dll
0x00007ff92c000000 - 0x00007ff92c00a000 	C:\WINDOWS\System32\NSI.dll
0x00007ff920860000 - 0x00007ff92087f000 	C:\WINDOWS\SYSTEM32\dhcpcsvc6.DLL
0x00007ff920650000 - 0x00007ff920675000 	C:\WINDOWS\SYSTEM32\dhcpcsvc.DLL
0x00007ff928200000 - 0x00007ff928326000 	C:\WINDOWS\SYSTEM32\DNSAPI.dll
0x00007ff8f9760000 - 0x00007ff8f9768000 	C:\WINDOWS\system32\wshunix.dll
0x00007ff8f39e0000 - 0x00007ff8f39f0000 	C:\Program Files\Java\jdk-17\bin\verify.dll
0x00007ff91fe90000 - 0x00007ff91fe9b000 	C:\Windows\System32\rasadhlp.dll
0x00007ff921160000 - 0x00007ff9211e6000 	C:\WINDOWS\System32\fwpuclnt.dll

dbghelp: loaded successfully - version: 4.0.5 - missing functions: none
symbol engine: initialized successfully - sym options: 0x614 - pdb path: .;C:\Program Files\Java\jdk-17\bin;C:\WINDOWS\SYSTEM32;C:\WINDOWS\WinSxS\amd64_microsoft.windows.common-controls_6595b64144ccf1df_6.0.26100.4484_none_3e0e6d4ce32ef3b3;C:\Program Files\Java\jdk-17\bin\server

VM Arguments:
jvm_args: -agentlib:jdwp=transport=dt_socket,server=n,address=57161 
java_command: com.BDI_TESTCliente.BdiTestClienteApplication
java_class_path (initial): C:\Users\digis\OneDrive\Documentos\Fernando Jair Arce Arellano\NetBeans\BDI_TESTCliente\target\classes;C:\Users\digis\.m2\repository\org\springframework\boot\spring-boot-starter-thymeleaf\3.5.3\spring-boot-starter-thymeleaf-3.5.3.jar;C:\Users\digis\.m2\repository\org\springframework\boot\spring-boot-starter\3.5.3\spring-boot-starter-3.5.3.jar;C:\Users\digis\.m2\repository\org\springframework\boot\spring-boot-starter-logging\3.5.3\spring-boot-starter-logging-3.5.3.jar;C:\Users\digis\.m2\repository\ch\qos\logback\logback-classic\1.5.18\logback-classic-1.5.18.jar;C:\Users\digis\.m2\repository\ch\qos\logback\logback-core\1.5.18\logback-core-1.5.18.jar;C:\Users\digis\.m2\repository\org\apache\logging\log4j\log4j-to-slf4j\2.24.3\log4j-to-slf4j-2.24.3.jar;C:\Users\digis\.m2\repository\org\slf4j\jul-to-slf4j\2.0.17\jul-to-slf4j-2.0.17.jar;C:\Users\digis\.m2\repository\jakarta\annotation\jakarta.annotation-api\2.1.1\jakarta.annotation-api-2.1.1.jar;C:\Users\digis\.m2\repository\org\yaml\snakeyaml\2.4\snakeyaml-2.4.jar;C:\Users\digis\.m2\repository\org\thymeleaf\thymeleaf-spring6\3.1.3.RELEASE\thymeleaf-spring6-3.1.3.RELEASE.jar;C:\Users\digis\.m2\repository\org\springframework\boot\spring-boot-starter-web\3.5.3\spring-boot-starter-web-3.5.3.jar;C:\Users\digis\.m2\repository\org\springframework\boot\spring-boot-starter-json\3.5.3\spring-boot-starter-json-3.5.3.jar;C:\Users\digis\.m2\repository\com\fasterxml\jackson\core\jackson-databind\2.19.1\jackson-databind-2.19.1.jar;C:\Users\digis\.m2\repository\com\fasterxml\jackson\core\jackson-annotations\2.19.1\jackson-annotations-2.19.1.jar;C:\Users\digis\.m2\repository\com\fasterxml\jackson\core\jackson-core\2.19.1\jackson-core-2.19.1.jar;C:\Users\digis\.m2\repository\com\fasterxml\jackson\datatype\jackson-datatype-jdk8\2.19.1\jackson-datatype-jdk8-2.19.1.jar;C:\Users\digis\.m2\repository\com\fasterxml\jackson\datatype\jackson-datatype-jsr310\2.19.1\jackson-datatype-jsr310-2.19.1.jar;C:\Users\digis\.m2\
Launcher Type: SUN_STANDARD

[Global flags]
     intx CICompilerCount                          = 4                                         {product} {ergonomic}
     uint ConcGCThreads                            = 2                                         {product} {ergonomic}
     uint G1ConcRefinementThreads                  = 8                                         {product} {ergonomic}
   size_t G1HeapRegionSize                         = 1048576                                   {product} {ergonomic}
    uintx GCDrainStackTargetSize                   = 64                                        {product} {ergonomic}
   size_t InitialHeapSize                          = 130023424                                 {product} {ergonomic}
   size_t MarkStackSize                            = 4194304                                   {product} {ergonomic}
   size_t MaxHeapSize                              = 2057306112                                {product} {ergonomic}
   size_t MaxNewSize                               = 1234173952                                {product} {ergonomic}
   size_t MinHeapDeltaBytes                        = 1048576                                   {product} {ergonomic}
   size_t MinHeapSize                              = 8388608                                   {product} {ergonomic}
    uintx NonNMethodCodeHeapSize                   = 5839372                                {pd product} {ergonomic}
    uintx NonProfiledCodeHeapSize                  = 122909434                              {pd product} {ergonomic}
    uintx ProfiledCodeHeapSize                     = 122909434                              {pd product} {ergonomic}
    uintx ReservedCodeCacheSize                    = 251658240                              {pd product} {ergonomic}
     bool SegmentedCodeCache                       = true                                      {product} {ergonomic}
   size_t SoftMaxHeapSize                          = 2057306112                             {manageable} {ergonomic}
     bool UseCompressedClassPointers               = true                           {product lp64_product} {ergonomic}
     bool UseCompressedOops                        = true                           {product lp64_product} {ergonomic}
     bool UseG1GC                                  = true                                      {product} {ergonomic}
     bool UseLargePagesIndividualAllocation        = false                                  {pd product} {ergonomic}

Logging:
Log output configuration:
 #0: stdout all=warning uptime,level,tags
 #1: stderr all=off uptime,level,tags

Environment Variables:
JAVA_HOME=C:\Program Files\Java\jdk-17
PATH=C:\Oracle-installer\WINDOWS.X64_193000_db_home\bin;C:\Program Files\Common Files\Oracle\Java\javapath;C:\WINDOWS\system32;C:\WINDOWS;C:\WINDOWS\System32\Wbem;C:\WINDOWS\System32\WindowsPowerShell\v1.0\;C:\WINDOWS\System32\OpenSSH\;C:\Program Files\Microsoft SQL Server\150\Tools\Binn\;C:\Program Files\Microsoft SQL Server\Client SDK\ODBC\170\Tools\Binn\;C:\Program Files\dotnet\;C:\Users\digis\AppData\Local\Microsoft\WindowsApps;C:\Users\digis\.dotnet\tools;C:\Users\digis\AppData\Local\Programs\Microsoft VS Code\bin;
USERNAME=Alien 9
OS=Windows_NT
PROCESSOR_IDENTIFIER=Intel64 Family 6 Model 190 Stepping 0, GenuineIntel



---------------  S Y S T E M  ---------------

OS:
 Windows 11 , 64 bit Build 26100 (10.0.26100.4484)
OS uptime: 0 days 23:08 hours
Hyper-V role detected

CPU: total 8 (initial active 8) (8 cores per cpu, 1 threads per core) family 6 model 190 stepping 0 microcode 0x15, cx8, cmov, fxsr, mmx, 3dnowpref, sse, sse2, sse3, ssse3, sse4.1, sse4.2, popcnt, lzcnt, tsc, tscinvbit, avx, avx2, aes, erms, clmul, bmi1, bmi2, adx, sha, fma, vzeroupper, clflush, clflushopt, clwb, hv

Memory: 4k page, system-wide physical 7845M (517M free)
TotalPageFile size 31397M (AvailPageFile size 24M)
current process WorkingSet (physical memory assigned to process): 18M, peak: 307M
current process commit charge ("private bytes"): 286M, peak: 345M

vm_info: Java HotSpot(TM) 64-Bit Server VM (17.0.8+9-LTS-211) for windows-amd64 JRE (17.0.8+9-LTS-211), built on Jun 14 2023 10:34:31 by "mach5one" with MS VC++ 17.1 (VS2022)

END.
